 ⚠ Warning: Found multiple lockfiles. Selecting /Volumes/D/College/package-lock.json.
   Consider removing the lockfiles at:
   * /Volumes/D/College/In-class Assignment 3  MERN_Full_Stack/full-stack-app/package-lock.json

   ▲ Next.js 15.4.2
   - Local:        http://localhost:3333
   - Network:      http://10.71.249.118:3333
   - Environments: .env.local

 ✓ Starting...
 ✓ Ready in 1222ms
 ○ Compiling / ...
 ✓ Compiled / in 2.2s (692 modules)
 HEAD / 200 in 2524ms
 ✓ Compiled in 227ms (274 modules)
 GET / 200 in 42ms
 GET / 200 in 66ms
 ✓ Compiled /api/auth/[...nextauth] in 174ms (435 modules)
 ✓ Compiled in 157ms (261 modules)
 GET /favicon.ico 200 in 1027ms
 GET /api/auth/session 200 in 1497ms
 GET /api/auth/session 200 in 9ms
 ✓ Compiled /register in 199ms (942 modules)
 GET /register 200 in 332ms
 ✓ Compiled in 261ms (702 modules)
 GET /register 200 in 134ms
 GET /register 200 in 123ms
 ✓ Compiled /api/auth/[...nextauth] in 119ms (441 modules)
 ✓ Compiled (678 modules)
 GET /favicon.ico 200 in 353ms
 GET /api/auth/session 200 in 345ms
 GET /api/auth/session 200 in 5ms
 ✓ Compiled /login in 186ms (949 modules)
 GET /login 200 in 270ms
 GET /register 200 in 19ms
 ✓ Compiled /api/register in 226ms (951 modules)
 POST /api/register 200 in 776ms
 GET /login 200 in 42ms
 GET /api/auth/providers 200 in 49ms
 GET /api/auth/csrf 200 in 6ms
 POST /api/auth/callback/credentials 200 in 434ms
 GET /api/auth/session 200 in 7ms
 ✓ Compiled /middleware in 349ms (210 modules)
 ✓ Compiled /dashboard in 195ms (958 modules)
 GET /dashboard 200 in 233ms
